::1 - - [10/Oct/2023:08:35:12 +0000] "GET /movie HTTP/1.1" 404 144 "-" "PostmanRuntime/7.33.0"
::1 - - [10/Oct/2023:08:35:15 +0000] "GET /movies HTTP/1.1" 401 - "-" "PostmanRuntime/7.33.0"
::1 - - [10/Oct/2023:08:35:25 +0000] "GET /users HTTP/1.1" 404 144 "-" "PostmanRuntime/7.33.0"
::1 - - [10/Oct/2023:08:37:09 +0000] "GET /users HTTP/1.1" 404 144 "-" "PostmanRuntime/7.33.0"
::1 - - [10/Oct/2023:08:37:16 +0000] "GET /movies HTTP/1.1" 401 - "-" "PostmanRuntime/7.33.0"
::1 - - [10/Oct/2023:08:37:25 +0000] "GET /movies/independence%20day HTTP/1.1" 401 - "-" "PostmanRuntime/7.33.0"
::1 - - [10/Oct/2023:08:37:31 +0000] "GET /movies HTTP/1.1" 401 - "-" "PostmanRuntime/7.33.0"
::1 - - [10/Oct/2023:08:43:34 +0000] "GET /movies HTTP/1.1" 401 - "-" "PostmanRuntime/7.33.0"
::1 - - [10/Oct/2023:08:43:39 +0000] "GET /users HTTP/1.1" 404 144 "-" "PostmanRuntime/7.33.0"
::1 - - [10/Oct/2023:08:49:04 +0000] "GET / HTTP/1.1" 500 6 "-" "Mozilla/5.0 (Macintosh; Intel Mac OS X 10_15_7) AppleWebKit/537.36 (KHTML, like Gecko) Chrome/117.0.0.0 Safari/537.36"
::1 - - [10/Oct/2023:08:49:04 +0000] "GET /favicon.ico HTTP/1.1" 404 150 "http://localhost:8080/" "Mozilla/5.0 (Macintosh; Intel Mac OS X 10_15_7) AppleWebKit/537.36 (KHTML, like Gecko) Chrome/117.0.0.0 Safari/537.36"
::1 - - [10/Oct/2023:08:49:10 +0000] "GET /users HTTP/1.1" 404 144 "-" "Mozilla/5.0 (Macintosh; Intel Mac OS X 10_15_7) AppleWebKit/537.36 (KHTML, like Gecko) Chrome/117.0.0.0 Safari/537.36"
::1 - - [10/Oct/2023:08:49:15 +0000] "GET /user HTTP/1.1" 404 143 "-" "Mozilla/5.0 (Macintosh; Intel Mac OS X 10_15_7) AppleWebKit/537.36 (KHTML, like Gecko) Chrome/117.0.0.0 Safari/537.36"
::1 - - [10/Oct/2023:08:49:18 +0000] "GET /movies HTTP/1.1" 401 - "-" "Mozilla/5.0 (Macintosh; Intel Mac OS X 10_15_7) AppleWebKit/537.36 (KHTML, like Gecko) Chrome/117.0.0.0 Safari/537.36"
::1 - - [10/Oct/2023:08:49:56 +0000] "GET /users/adrian HTTP/1.1" 401 - "-" "PostmanRuntime/7.33.0"
::1 - - [10/Oct/2023:08:49:59 +0000] "GET /users/johanna HTTP/1.1" 401 - "-" "PostmanRuntime/7.33.0"
::1 - - [10/Oct/2023:08:52:10 +0000] "GET /users HTTP/1.1" 401 - "-" "PostmanRuntime/7.33.0"
::1 - - [10/Oct/2023:08:59:20 +0000] "GET /movies HTTP/1.1" 401 - "-" "PostmanRuntime/7.33.0"
::1 - - [10/Oct/2023:09:00:05 +0000] "POST /users HTTP/1.1" 500 136 "-" "PostmanRuntime/7.33.0"
::1 - - [10/Oct/2023:09:04:17 +0000] "POST /users HTTP/1.1" 500 136 "-" "PostmanRuntime/7.33.0"
::1 - - [10/Oct/2023:09:06:01 +0000] "POST /users?Username=Adev&Password=adev123 HTTP/1.1" 500 136 "-" "PostmanRuntime/7.33.0"
::1 - - [10/Oct/2023:09:07:26 +0000] "POST /users?Username=Adev&Password=adev123 HTTP/1.1" 500 136 "-" "PostmanRuntime/7.33.0"
::1 - - [10/Oct/2023:09:09:58 +0000] "POST /users HTTP/1.1" 500 136 "-" "PostmanRuntime/7.33.0"
::1 - - [10/Oct/2023:09:10:37 +0000] "POST /users HTTP/1.1" 201 161 "-" "PostmanRuntime/7.33.0"
::1 - - [10/Oct/2023:09:11:00 +0000] "POST /users?Username=Adev&Password=adev123 HTTP/1.1" 400 19 "-" "PostmanRuntime/7.33.0"
::1 - - [10/Oct/2023:09:17:11 +0000] "POST /users?Username=test123&Password=test123&Email=test@web.de HTTP/1.1" 201 164 "-" "PostmanRuntime/7.33.0"
::1 - - [10/Oct/2023:09:22:18 +0000] "POST /users?Username=te123&Password=te123&Email=test1@web.de HTTP/1.1" 201 161 "-" "PostmanRuntime/7.33.0"
::1 - - [10/Oct/2023:12:04:31 +0000] "POST /users?Username=test1&Password=test1&Email=test12@web.de HTTP/1.1" 201 162 "-" "PostmanRuntime/7.33.0"
